mads 2.1.0
Source: Conversor.asm
     1 				; Casete Azul Coelsa Labo A
     2 				; ******* Conversor *********
     3 				; Versión file por AsCrNet
     4 				; 2021-04-14 para Atariware
     5 				;----------------------------
     6
     7 = D301			PORTB = $D301
     8 = D40E			NMIEN = $D40E
     9
    10 				    org $7000
    11 				    
    12 				INICIO
    13 FFFF> 7000-88CC> 20 41 +     JSR COPYROMTORAM
    14 				    
    15 				; Copia bytes del $CC00 al $CDFF
    16 7003 A0 00		    LDY #0
    17 7005			COPY1  
    18 7005 B9 7D 71 99 00 CC +     MVA .ADR(prgCC_01),Y $CC00,Y+
    19 700C C0 00		    CPY #.LEN prgCC_01
    20 700E D0 F5		    BNE COPY1
    21 7010 A0 00		    LDY #0
    22 7012			COPY2  
    23 7012 B9 7D 72 99 00 CD +     MVA .ADR(prgCC_02),Y $CD00,Y+
    24 7019 C0 00		    CPY #.LEN prgCC_02
    25 701B D0 F5		    BNE COPY2
    26
    27 				    
    28 				; Copia bytes del $EEC0 al $FCB0
    29 701D A0 00		    LDY #0
    30 701F			COPY3 
    31 701F B9 7D 73 99 C0 EE +     MVA .ADR(prgCC_03),Y $EEC0,Y+
    32 7026 C0 00		    CPY #.LEN prgCC_03
    33 7028 D0 F5		    BNE COPY3
    34 702A A0 00		    LDY #0
    35 702C			COPY4 
    36 702C B9 7D 74 99 C0 EF +     MVA .ADR(prgCC_04),Y $EFC0,Y+
    37 7033 C0 00		    CPY #.LEN prgCC_04
    38 7035 D0 F5		    BNE COPY4	
    39 7037 A0 00		    LDY #0
    40 7039			COPY5
    41 7039 B9 7D 75 99 C0 F0 +     MVA .ADR(prgCC_05),Y $F0C0,Y+
    42 7040 C0 00		    CPY #.LEN prgCC_05
    43 7042 D0 F5		    BNE COPY5
    44 7044 A0 00		    LDY #0
    45 7046			COPY6 
    46 7046 B9 7D 76 99 C0 F1 +     MVA .ADR(prgCC_06),Y $F1C0,Y+
    47 704D C0 00		    CPY #.LEN prgCC_06
    48 704F D0 F5		    BNE COPY6
    49 7051 A0 00		    LDY #0
    50 7053			COPY7 
    51 7053 B9 7D 77 99 C0 F2 +     MVA .ADR(prgCC_07),Y $F2C0,Y+
    52 705A C0 00		    CPY #.LEN prgCC_07
    53 705C D0 F5		    BNE COPY7
    54 705E A0 00		    LDY #0
    55 7060			COPY8 
    56 7060 B9 7D 78 99 C0 F3 +     MVA .ADR(prgCC_08),Y $F3C0,Y+
    57 7067 C0 00		    CPY #.LEN prgCC_08
    58 7069 D0 F5		    BNE COPY8
    59 706B A0 00		    LDY #0
    60 706D			COPY9 
    61 706D B9 7D 79 99 C0 F4 +     MVA .ADR(prgCC_09),Y $F4C0,Y+
    62 7074 C0 00		    CPY #.LEN prgCC_09
    63 7076 D0 F5		    BNE COPY9
    64 7078 A0 00		    LDY #0
    65 707A			COPY10
    66 707A B9 7D 7A 99 C0 F5 +     MVA .ADR(prgCC_10),Y $F5C0,Y+
    67 7081 C0 00		    CPY #.LEN prgCC_10
    68 7083 D0 F5		    BNE COPY10
    69 7085 A0 00		    LDY #0
    70 7087			COPY11
    71 7087 B9 7D 7B 99 C0 F6 +     MVA .ADR(prgCC_11),Y $F6C0,Y+
    72 708E C0 00		    CPY #.LEN prgCC_11
    73 7090 D0 F5		    BNE COPY11
    74 7092 A0 00		    LDY #0
    75 7094			COPY12
    76 7094 B9 7D 7C 99 C0 F7 +     MVA .ADR(prgCC_12),Y $F7C0,Y+
    77 709B C0 00		    CPY #.LEN prgCC_12
    78 709D D0 F5		    BNE COPY12
    79 709F A0 00		    LDY #0
    80 70A1			COPY13 
    81 70A1 B9 7D 7D 99 C0 F8 +     MVA .ADR(prgCC_13),Y $F8C0,Y+
    82 70A8 C0 00		    CPY #.LEN prgCC_13
    83 70AA D0 F5		    BNE COPY13
    84 70AC A0 00		    LDY #0
    85 70AE			COPY14 
    86 70AE B9 7D 7E 99 C0 F9 +     MVA .ADR(prgCC_14),Y $F9C0,Y+
    87 70B5 C0 00		    CPY #.LEN prgCC_14
    88 70B7 D0 F5		    BNE COPY14
    89 70B9 A0 00		    LDY #0
    90 70BB			COPY15
    91 70BB B9 7D 7F 99 C0 FA +     MVA .ADR(prgCC_15),Y $FAC0,Y+
    92 70C2 C0 00		    CPY #.LEN prgCC_15
    93 70C4 D0 F5		    BNE COPY15
    94 70C6 A0 00		    LDY #0
    95 70C8			COPY16 
    96 70C8 B9 7D 80 99 C0 FB +     MVA .ADR(prgCC_16),Y $FBC0,Y+
    97 70CF C0 F0		    CPY #$F0
    98 70D1 D0 F5		    BNE COPY16
    99
   100 				; Copia bytes del $D800 al $DF60
   101 70D3 A0 00		    LDY #0
   102 70D5			COPY17 
   103 70D5 B9 6D 81 99 00 D8 +     MVA .ADR(prgCC_17),Y $D800,Y+
   104 70DC C0 00		    CPY #.LEN prgCC_17
   105 70DE D0 F5		    BNE COPY17
   106 70E0 A0 00		    LDY #0
   107 70E2			COPY18
   108 70E2 B9 6D 82 99 00 D9 +     MVA .ADR(prgCC_18),Y $D900,Y+
   109 70E9 C0 00		    CPY #.LEN prgCC_18
   110 70EB D0 F5		    BNE COPY18
   111 70ED A0 00		    LDY #0
   112 70EF			COPY19
   113 70EF B9 6D 83 99 00 DA +     MVA .ADR(prgCC_19),Y $DA00,Y+
   114 70F6 C0 00		    CPY #.LEN prgCC_19
   115 70F8 D0 F5		    BNE COPY19
   116 70FA A0 00		    LDY #0
   117 70FC			COPY20
   118 70FC B9 6D 84 99 00 DB +     MVA .ADR(prgCC_20),Y $DB00,Y+
   119 7103 C0 00		    CPY #.LEN prgCC_20
   120 7105 D0 F5		    BNE COPY20
   121 7107 A0 00		    LDY #0
   122 7109			COPY21
   123 7109 B9 6D 85 99 00 DC +     MVA .ADR(prgCC_21),Y $DC00,Y+
   124 7110 C0 00		    CPY #.LEN prgCC_21
   125 7112 D0 F5		    BNE COPY21
   126 7114 A0 00		    LDY #0
   127 7116			COPY22
   128 7116 B9 6D 86 99 00 DD +     MVA .ADR(prgCC_22),Y $DD00,Y+
   129 711D C0 00		    CPY #.LEN prgCC_22
   130 711F D0 F5		    BNE COPY22
   131 7121 A0 00		    LDY #0
   132 7123			COPY23
   133 7123 B9 6D 87 99 00 DE +     MVA .ADR(prgCC_23),Y $DE00,Y+
   134 712A C0 00		    CPY #.LEN prgCC_23
   135 712C D0 F5		    BNE COPY23
   136 712E A0 00		    LDY #0
   137 7130			COPY24
   138 7130 B9 6D 88 99 00 DF +     MVA .ADR(prgCC_24),Y $DF00,Y+
   139 7137 C0 60		    CPY #$60
   140 7139 D0 F5		    BNE COPY24
   141
   142 				; Presentación y inicio
   143 713B 20 FA FB		    JSR $FBFA
   144 713E 4C C0 EE		    JMP $EEC0
   145 				    
   146
   147 				; Rutina de copia de ROM a RAM
   148 				; Para poder modificar el O.S.
   149 7141			COPYROMTORAM	
   150 7141 78			    SEI
   151 7142 AD 0E D4		    LDA NMIEN
   152 7145 48			    PHA
   153 7146 A9 00		    LDA #$00
   154 7148 8D 0E D4		    STA NMIEN
   155 714B A8			    TAY
   156 714C			KLOOP
   157 714C B9 00 C0		    LDA $C000,Y
   158 714F CE 01 D3		    DEC PORTB
   159 7152 99 00 C0		    STA $C000,Y
   160 7155 EE 01 D3		    INC PORTB
   161 7158 C8			    INY
   162 7159 D0 F1		    BNE KLOOP
   163 715B EE 4E 71		    INC KLOOP+2
   164 715E EE 54 71		    INC KLOOP+8
   165 7161			KMOVE
   166 7161 AD 4E 71		    LDA KLOOP+2   
   167 7164 F0 0E		    BEQ @KEXIT
   168 7166 C9 D0		    CMP #$D0
   169 7168 D0 E2		    BNE KLOOP
   170 716A A9 D8		    LDA #$D8
   171 716C 8D 4E 71		    STA KLOOP+2
   172 716F 8D 54 71		    STA KLOOP+8
   173 7172 D0 D8		    BNE KLOOP
   174 7174			@KEXIT
   175 7174 68			    PLA
   176 7175 8D 0E D4		    STA NMIEN
   177 7178 58			    CLI
   178 7179 CE 01 D3		    DEC PORTB
   179 717C 60			    RTS	
   180 				    
   181 				; Byte del $CC00-$CDFF
   182 				; Reemplaza el set de caracteres internacional por el programa cargador Injektor "juego SIMON"
   183 717D			prgCC_01
   184 717D A2 00 8A 9D 00 CE +     .byte $A2,$00,$8A,$9D,$00,$CE,$9D,$00,$CF,$CA,$D0,$F7,$A2,$18,$A9,$FF
   185 718D 9D 12 CE 9D B2 CE +     .byte $9D,$12,$CE,$9D,$B2,$CE,$9D,$52,$CF,$9D,$B2,$CF,$CA,$10,$F1,$A0
   186 719D 02 A9 EA 99 46 C1 +     .byte $02,$A9,$EA,$99,$46,$C1,$99,$78,$C1,$99,$6F,$C1,$88,$10,$F4,$A9
   187 71AD D0 8D 6F EC 8D 97 +     .byte $D0,$8D,$6F,$EC,$8D,$97,$EC,$A9,$03,$8D,$7E,$EC,$AD,$0B,$D4,$30
   188 71BD FB 20 5C CD 20 59 +     .byte $FB,$20,$5C,$CD,$20,$59,$E4,$6C,$04,$03,$A9,$00,$85,$4D,$85,$41
   189 71CD 8D 18 D0 8D 1A D0 +     .byte $8D,$18,$D0,$8D,$1A,$D0,$AD,$ED,$CD,$8D,$00,$D4,$A2,$02,$8E,$1D
   190 71DD D0 CA 8E 1B D0 A2 +     .byte $D0,$CA,$8E,$1B,$D0,$A2,$03,$BD,$E9,$CD,$9D,$00,$D0,$BD,$E5,$CD
   191 71ED 9D 12 D0 A9 03 9D +     .byte $9D,$12,$D0,$A9,$03,$9D,$08,$D0,$CA,$10,$EC,$A9,$CC,$8D,$07,$D4
   192 71FD 4C 5F E4 AD F1 CD +     .byte $4C,$5F,$E4,$AD,$F1,$CD,$D0,$14,$AD,$10,$D0,$D0,$BD,$A2,$00,$8E
   193 720D F2 CD 20 8C CD E8 +     .byte $F2,$CD,$20,$8C,$CD,$E8,$8E,$F1,$CD,$8E,$F2,$CD,$A0,$00,$8C,$F3
   194 721D CD 20 98 CD AD EE +     .byte $CD,$20,$98,$CD,$AD,$EE,$CD,$20,$67,$CD,$EE,$F3,$CD,$AD,$F3,$CD
   195 722D CD F2 CD D0 EC A0 +     .byte $CD,$F2,$CD,$D0,$EC,$A0,$00,$8C,$F3,$CD,$AD,$00,$D3,$29,$0F,$A0
   196 723D FF C9 0E F0 19 C8 +     .byte $FF,$C9,$0E,$F0,$19,$C8,$C9,$07,$F0,$14,$C8,$C9,$0D,$F0,$0F,$C8
   197 724D C9 0B F0 0A A2 BA +     .byte $C9,$0B,$F0,$0A,$A2,$BA,$A9,$CC,$20,$60,$CD,$4C,$4A,$CC,$20,$5C
   198 725D CD C8 98 AC F3 CD +     .byte $CD,$C8,$98,$AC,$F3,$CD,$D9,$4A,$CB,$F0,$24,$A9,$C8,$8D,$00,$D2
   199 726D A9 AA 8D 01 D2 A9 +     .byte $A9,$AA,$8D,$01,$D2,$A9,$40,$20,$67,$CD,$A9,$A0,$8D,$01,$D2,$A9
   200 727D			prgCC_02
   201 727D 0B 8D EE CD A9 00 +     .byte $0B,$8D,$EE,$CD,$A9,$00,$8D,$EF,$CD,$8D,$F1,$CD,$4C,$4A,$CC,$20
   202 728D 98 CD A2 19 A9 CD +     .byte $98,$CD,$A2,$19,$A9,$CD,$20,$60,$CD,$A9,$0F,$2D,$00,$D3,$49,$0F
   203 729D D0 EA 20 5C CD EE +     .byte $D0,$EA,$20,$5C,$CD,$EE,$F3,$CD,$AD,$F3,$CD,$CD,$F2,$CD,$D0,$8A
   204 72AD 20 8C CD EE F2 CD +     .byte $20,$8C,$CD,$EE,$F2,$CD,$AD,$EE,$CD,$0A,$20,$67,$CD,$EE,$EF,$CD
   205 72BD AD EF CD C9 0A D0 +     .byte $AD,$EF,$CD,$C9,$0A,$D0,$12,$AD,$EE,$CD,$C9,$01,$F0,$0B,$CE,$EE
   206 72CD CD CE EE CD A9 00 +     .byte $CD,$CE,$EE,$CD,$A9,$00,$8D,$EF,$CD,$4C,$4A,$CC,$A2,$83,$A9,$CC
   207 72DD 8E 22 02 8D 23 02 +     .byte $8E,$22,$02,$8D,$23,$02,$60,$8D,$F0,$CD,$18,$68,$69,$01,$8D,$F4
   208 72ED CD 68 69 00 8D F5 +     .byte $CD,$68,$69,$00,$8D,$F5,$CD,$A2,$81,$A9,$CD,$20,$60,$CD,$4C,$4A
   209 72FD CC CE F0 CD D0 F8 +     .byte $CC,$CE,$F0,$CD,$D0,$F8,$20,$5C,$CD,$6C,$F4,$CD,$AD,$0A,$D2,$29
   210 730D 03 AE F2 CD 9D 4A +     .byte $03,$AE,$F2,$CD,$9D,$4A,$CB,$60,$18,$68,$69,$01,$8D,$F6,$CD,$68
   211 731D 69 00 8D F7 CD AE +     .byte $69,$00,$8D,$F7,$CD,$AE,$F3,$CD,$BD,$4A,$CB,$AA,$BD,$E5,$CD,$18
   212 732D 69 04 9D E5 CD 8A +     .byte $69,$04,$9D,$E5,$CD,$8A,$0A,$0A,$0A,$0A,$69,$64,$8D,$00,$D2,$A9
   213 733D AA 8D 01 D2 AD EE +     .byte $AA,$8D,$01,$D2,$AD,$EE,$CD,$20,$67,$CD,$A9,$A0,$8D,$01,$D2,$AE
   214 734D F3 CD BD 4A CB AA +     .byte $F3,$CD,$BD,$4A,$CB,$AA,$BD,$E5,$CD,$38,$E9,$04,$9D,$E5,$CD,$9D
   215 735D 12 D0 6C F6 CD 42 +     .byte $12,$D0,$6C,$F6,$CD,$42,$82,$B2,$E2,$6E,$96,$6E,$46,$08,$0B,$00
   216 736D 00 00 00 00 00 00 +     .byte $00,$00,$00,$00,$00,$00,$00,$00,$00,$00,$00,$00,$00,$00,$FF,$00
   217
   218 				; Bytes del $EEC0 al $FCB0
   219 				; Primera parte del conversor
   220 737D			prgCC_03
   221 737D 2C FA FB A9 2C 8D +     .byte $2C,$FA,$FB,$A9,$2C,$8D,$C0,$EE,$20,$B6,$EF,$A9,$7F,$8D,$08,$02
   222 738D A9 EF 8D 09 02 4C +     .byte $A9,$EF,$8D,$09,$02,$4C,$C1,$EF,$70,$70,$70,$70,$70,$46,$E5,$EE
   223 739D 70 06 41 D8 EE 00 +     .byte $70,$06,$41,$D8,$EE,$00,$2F,$30,$34,$29,$2F,$2E,$00,$0D,$00,$AF
   224 73AD B4 B2 A1 80 A3 AF +     .byte $B4,$B2,$A1,$80,$A3,$AF,$B0,$A9,$A1,$00,$33,$25,$2C,$25,$23,$34
   225 73BD 00 0D 00 B2 A5 A3 +     .byte $00,$0D,$00,$B2,$A5,$A3,$AF,$AD,$A5,$AE,$BA,$A1,$B2,$70,$70,$70
   226 73CD 70 70 46 1A EF 70 +     .byte $70,$70,$46,$1A,$EF,$70,$06,$41,$0D,$EF,$00,$2F,$30,$34,$29,$2F
   227 73DD 2E 00 0D 00 A4 A9 +     .byte $2E,$00,$0D,$00,$A4,$A9,$B3,$AB,$A5,$B4,$B4,$A5,$00,$00,$00,$33
   228 73ED 25 2C 25 23 34 00 +     .byte $25,$2C,$25,$23,$34,$00,$0D,$00,$A3,$A1,$B3,$B3,$A5,$B4,$B4,$A5
   229 73FD 00 00 A9 3C 8D 02 +     .byte $00,$00,$A9,$3C,$8D,$02,$D3,$A9,$05,$C5,$81,$F0,$74,$20,$AB,$EF
   230 740D A9 D8 A0 EE 20 6F +     .byte $A9,$D8,$A0,$EE,$20,$6F,$EF,$AF,$1F,$D0,$C9,$05,$F0,$63,$C9,$03
   231 741D D0 F5 20 B6 EF 20 +     .byte $D0,$F5,$20,$B6,$EF,$20,$6B,$EF,$4C,$1A,$F5,$A9,$A2,$A0,$F3,$A2
   232 742D FF 8F 30 02 8F 02 +     .byte $FF,$8F,$30,$02,$8F,$02,$D4,$98,$8F,$31,$02,$8F,$03,$D4,$60,$AD
   233 743D 01 D3 48 AD 09 D2 +     .byte $01,$D3,$48,$AD,$09,$D2,$29,$3F,$C9,$11,$D0,$06,$AD,$09,$D2,$8D
   234 744D DC 02 A9 00 85 4D +     .byte $DC,$02,$A9,$00,$85,$4D,$68,$8D,$01,$D3,$68,$40,$A9,$00,$48,$28
   235 745D A9 3C 8D 02 D3 A2 +     .byte $A9,$3C,$8D,$02,$D3,$A2,$FF,$9A,$4C,$C0,$EE,$A9,$9C,$8D,$36,$02
   236 746D A9 EF 8D 37 02 60 +     .byte $A9,$EF,$8D,$37,$02,$60,$A9,$92,$8D,$36,$02,$A9,$C0,$8D,$37,$02
   237 747D			prgCC_04
   238 747D 60 A9 3C 8D 02 D3 +     .byte $60,$A9,$3C,$8D,$02,$D3,$AF,$1F,$D0,$C9,$07,$D0,$F4,$20,$B6,$EF
   239 748D A9 94 8D C6 02 20 +     .byte $A9,$94,$8D,$C6,$02,$20,$84,$EC,$A2,$FF,$A9,$03,$8F,$0F,$D2,$A9
   240 749D 00 8F 80 00 8F 8E +     .byte $00,$8F,$80,$00,$8F,$8E,$00,$A9,$05,$8F,$81,$00,$8F,$8F,$00,$E8
   241 74AD 8F 8C 00 8F 8D 00 +     .byte $8F,$8C,$00,$8F,$8D,$00,$8F,$8B,$00,$8F,$9F,$00,$8F,$A0,$00,$8F
   242 74BD 98 00 8F 9A 00 8F +     .byte $98,$00,$8F,$9A,$00,$8F,$99,$00,$8F,$9E,$00,$A9,$0D,$A0,$EF,$20
   243 74CD 6F EF AF 1F D0 C9 +     .byte $6F,$EF,$AF,$1F,$D0,$C9,$07,$D0,$F9,$AF,$1F,$D0,$C9,$05,$F0,$0D
   244 74DD C9 03 D0 F5 20 F3 +     .byte $C9,$03,$D0,$F5,$20,$F3,$DC,$20,$6B,$EF,$4C,$1A,$F5,$20,$AB,$EF
   245 74ED 20 6B EF A9 B8 8F +     .byte $20,$6B,$EF,$A9,$B8,$8F,$A6,$F3,$A9,$F3,$8F,$A7,$F3,$A9,$06,$20
   246 74FD 31 F1 20 B6 EF A2 +     .byte $31,$F1,$20,$B6,$EF,$A2,$FF,$A9,$08,$8F,$A6,$F3,$A9,$F4,$8F,$A7
   247 750D F3 A9 83 8F 48 FE +     .byte $F3,$A9,$83,$8F,$48,$FE,$A9,$FD,$8F,$52,$FE,$A9,$03,$8F,$4D,$FE
   248 751D 86 84 A9 00 8F 9B +     .byte $86,$84,$A9,$00,$8F,$9B,$00,$A9,$EA,$8F,$F3,$EB,$8F,$F4,$EB,$A2
   249 752D 02 BD 19 F1 9D 59 +     .byte $02,$BD,$19,$F1,$9D,$59,$E4,$CA,$10,$F7,$A9,$80,$8F,$3E,$00,$A9
   250 753D 00 8F 89 02 8F 3F +     .byte $00,$8F,$89,$02,$8F,$3F,$00,$A9,$34,$8F,$02,$D3,$A0,$40,$A2,$02
   251 754D A9 03 8D 2A 02 20 +     .byte $A9,$03,$8D,$2A,$02,$20,$5C,$E4,$AD,$2A,$02,$D0,$FB,$A9,$00,$20
   252 755D C2 F1 AD 01 04 85 +     .byte $C2,$F1,$AD,$01,$04,$85,$88,$C9,$10,$90,$06,$AD,$00,$04,$4C,$03
   253 756D F2 C9 09 D0 15 AD +     .byte $F2,$C9,$09,$D0,$15,$AD,$04,$04,$0D,$05,$04,$C9,$04,$D0,$0B,$AD
   254 757D			prgCC_05
   255 757D 03 04 85 9C 20 0F +     .byte $03,$04,$85,$9C,$20,$0F,$F6,$4C,$1B,$F6,$A5,$88,$C9,$01,$D0,$03
   256 758D 4C A7 F2 48 20 0F +     .byte $4C,$A7,$F2,$48,$20,$0F,$F6,$68,$C9,$06,$D0,$14,$AD,$04,$04,$0D
   257 759D 05 04 C9 04 D0 0A +     .byte $05,$04,$C9,$04,$D0,$0A,$AD,$06,$04,$C9,$60,$D0,$03,$4C,$4F,$F2
   258 75AD AD 04 04 0D 05 04 +     .byte $AD,$04,$04,$0D,$05,$04,$AA,$E8,$EC,$01,$04,$D0,$10,$AD,$06,$04
   259 75BD C9 18 D0 09 A9 01 +     .byte $C9,$18,$D0,$09,$A9,$01,$85,$9E,$C6,$88,$4C,$4F,$F2,$4C,$D0,$F1
   260 75CD AD 45 E4 48 AD 44 +     .byte $AD,$45,$E4,$48,$AD,$44,$E4,$48,$60,$4C,$CE,$F7,$18,$65,$80,$85
   261 75DD 80 A5 81 69 00 85 +     .byte $80,$A5,$81,$69,$00,$85,$81,$60,$20,$31,$F1,$A9,$00,$85,$4D,$A9
   262 75ED 07 48 AD 0B D4 C9 +     .byte $07,$48,$AD,$0B,$D4,$C9,$64,$B0,$0C,$C9,$20,$90,$08,$65,$14,$8D
   263 75FD 0A D4 8D 18 D0 68 +     .byte $0A,$D4,$8D,$18,$D0,$68,$CD,$1F,$D0,$D0,$E6,$AD,$C6,$02,$8D,$18
   264 760D D0 60 48 78 A0 00 +     .byte $D0,$60,$48,$78,$A0,$00,$8C,$0E,$D4,$8C,$EE,$02,$8C,$EF,$02,$AD
   265 761D 0F D2 29 10 D0 F9 +     .byte $0F,$D2,$29,$10,$D0,$F9,$8C,$00,$D4,$8D,$16,$03,$A0,$13,$EE,$EE
   266 762D 02 D0 03 EE EF 02 +     .byte $02,$D0,$03,$EE,$EF,$02,$B1,$32,$F1,$48,$AA,$AD,$0F,$D2,$29,$10
   267 763D CD 16 03 F0 E9 8D +     .byte $CD,$16,$03,$F0,$E9,$8D,$16,$03,$88,$D0,$E3,$A9,$00,$85,$42,$EA
   268 764D EA A9 40 8D 0E D4 +     .byte $EA,$A9,$40,$8D,$0E,$D4,$38,$AD,$EE,$02,$E9,$05,$8D,$EE,$02,$AD
   269 765D EF 02 E9 00 8D EF +     .byte $EF,$02,$E9,$00,$8D,$EF,$02,$68,$10,$01,$60,$AD,$0F,$D2,$29,$10
   270 766D D0 F9 A9 FD 85 14 +     .byte $D0,$F9,$A9,$FD,$85,$14,$AD,$0F,$D2,$29,$10,$F0,$F5,$24,$14,$30	
   271 767D			prgCC_06
   272 767D F5 60 48 20 7A E4 +     .byte $F5,$60,$48,$20,$7A,$E4,$68,$D0,$06,$98,$10,$03,$4C,$58,$F4,$60
   273 768D 20 AB F1 C6 88 D0 +     .byte $20,$AB,$F1,$C6,$88,$D0,$F9,$A5,$14,$49,$80,$AA,$AD,$0F,$D2,$29
   274 769D 10 F0 F4 E4 14 D0 +     .byte $10,$F0,$F4,$E4,$14,$D0,$F5,$A9,$00,$8F,$3F,$00,$20,$C2,$F1,$30
   275 76AD 0B AD 00 04 4C 03 +     .byte $0B,$AD,$00,$04,$4C,$03,$F2,$20,$10,$F1,$10,$07,$C0,$88,$F0,$13
   276 76BD 4C 58 F4 A0 00 91 +     .byte $4C,$58,$F4,$A0,$00,$91,$80,$E6,$80,$D0,$EC,$E6,$81,$A5,$81,$C9
   277 76CD C0 90 E4 4C 1A F5 +     .byte $C0,$90,$E4,$4C,$1A,$F5,$A9,$FD,$8D,$04,$03,$A9,$C3,$8D,$08,$03
   278 76DD A0 40 8C 03 03 20 +     .byte $A0,$40,$8C,$03,$03,$20,$59,$E4,$A0,$BF,$AD,$FF,$03,$C9,$FF,$D0
   279 76ED 03 AC BF 04 98 AA +     .byte $03,$AC,$BF,$04,$98,$AA,$E8,$B9,$00,$04,$91,$80,$88,$C0,$FF,$D0
   280 76FD F6 8A 20 1C F1 AD +     .byte $F6,$8A,$20,$1C,$F1,$AD,$FF,$03,$C9,$FF,$D0,$D4,$4C,$1A,$F5,$20
   281 770D AB F1 C6 88 10 F9 +     .byte $AB,$F1,$C6,$88,$10,$F9,$A2,$0B,$BD,$9B,$F2,$9D,$00,$03,$CA,$10
   282 771D F7 A5 9E F0 03 4C +     .byte $F7,$A5,$9E,$F0,$03,$4C,$16,$F2,$A0,$40,$8C,$03,$03,$20,$59,$E4
   283 772D AE FE 03 E0 FE F0 +     .byte $AE,$FE,$03,$E0,$FE,$F0,$21,$A0,$C3,$E0,$FA,$D0,$03,$AC,$C3,$04
   284 773D 98 AA E8 B9 00 04 +     .byte $98,$AA,$E8,$B9,$00,$04,$91,$80,$88,$C0,$FF,$D0,$F6,$8A,$20,$1C
   285 774D F1 AD FE 03 C9 FA +     .byte $F1,$AD,$FE,$03,$C9,$FA,$D0,$D0,$4C,$1A,$F5,$60,$00,$52,$40,$FC
   286 775D 03 1F 00 C8 00 00 +     .byte $03,$1F,$00,$C8,$00,$00,$80,$A9,$00,$85,$98,$85,$9A,$8D,$82,$F3
   287 776D A9 FC 8D 8F F3 AD +     .byte $A9,$FC,$8D,$8F,$F3,$AD,$FF,$03,$C9,$FA,$F0,$03,$4C,$18,$F3,$20	
   288 777D			prgCC_07
   289 777D 0F F6 EE 48 FE AD +     .byte $0F,$F6,$EE,$48,$FE,$AD,$05,$04,$C9,$30,$D0,$14,$20,$AB,$F1,$A9
   290 778D 00 20 C2 F1 A9 00 +     .byte $00,$20,$C2,$F1,$A9,$00,$85,$98,$AD,$01,$04,$85,$88,$4C,$D3,$F1
   291 779D EE 48 FE 18 A5 14 +     .byte $EE,$48,$FE,$18,$A5,$14,$69,$14,$AA,$AD,$0F,$D2,$29,$10,$D0,$F3
   292 77AD E4 14 D0 F5 AD 0F +     .byte $E4,$14,$D0,$F5,$AD,$0F,$D2,$29,$10,$F0,$F9,$20,$AB,$F1,$20,$AB
   293 77BD F1 20 AB F1 18 A5 +     .byte $F1,$20,$AB,$F1,$18,$A5,$14,$69,$10,$AA,$AD,$0F,$D2,$29,$10,$F0
   294 77CD F3 E4 14 D0 F5 4C +     .byte $F3,$E4,$14,$D0,$F5,$4C,$E7,$F1,$A9,$FF,$20,$C2,$F1,$C0,$88,$F0
   295 77DD 03 4C 58 F4 20 AB +     .byte $03,$4C,$58,$F4,$20,$AB,$F1,$A2,$0B,$BD,$96,$F3,$9D,$00,$03,$CA
   296 77ED 10 F7 20 59 E4 30 +     .byte $10,$F7,$20,$59,$E4,$30,$EA,$AD,$03,$04,$CD,$04,$04,$D0,$3B,$38
   297 77FD A9 FF ED 03 04 8D +     .byte $A9,$FF,$ED,$03,$04,$8D,$82,$F3,$AD,$FF,$04,$85,$9D,$4C,$7A,$F3
   298 780D A5 9A D0 11 A9 40 +     .byte $A5,$9A,$D0,$11,$A9,$40,$8D,$03,$03,$20,$59,$E4,$30,$C3,$AD,$02
   299 781D 04 C9 C0 90 03 4C +     .byte $04,$C9,$C0,$90,$03,$4C,$1A,$F5,$C9,$01,$D0,$0E,$85,$9A,$A5,$9D
   300 782D C9 FC D0 06 AD FF +     .byte $C9,$FC,$D0,$06,$AD,$FF,$04,$8D,$8F,$F3,$A0,$00,$A2,$03,$BD,$00
   301 783D 04 49 00 91 80 C8 +     .byte $04,$49,$00,$91,$80,$C8,$E8,$E0,$FF,$D0,$F3,$18,$A5,$80,$69,$FC
   302 784D 20 1F F1 4C 50 F3 +     .byte $20,$1F,$F1,$4C,$50,$F3,$60,$00,$52,$40,$00,$04,$1F,$00,$00,$01
   303 785D 00 80 70 70 70 47 +     .byte $00,$80,$70,$70,$70,$47,$B8,$F3,$70,$70,$70,$70,$06,$70,$70,$70
   304 786D 70 70 06 70 06 41 +     .byte $70,$70,$06,$70,$06,$41,$A2,$F3,$80,$B4,$B2,$A1,$B3,$B0,$A1,$B3	
   305 787D			prgCC_08
   306 787D AF 80 A4 A5 80 AA +     .byte $AF,$80,$A4,$A5,$80,$AA,$B5,$A5,$A7,$AF,$B3,$80,$00,$00,$29,$2E
   307 788D 27 32 25 33 25 00 +     .byte $27,$32,$25,$33,$25,$00,$23,$21,$33,$33,$25,$34,$34,$25,$00,$00
   308 789D 00 00 00 6C 75 65 +     .byte $00,$00,$00,$6C,$75,$65,$67,$6F,$00,$70,$72,$65,$73,$69,$6F,$6E
   309 78AD 65 00 00 00 00 00 +     .byte $65,$00,$00,$00,$00,$00,$00,$00,$B0,$AC,$A1,$B9,$00,$39,$00,$B3
   310 78BD B4 A1 B2 B4 00 00 +     .byte $B4,$A1,$B2,$B4,$00,$00,$00,$00,$B5,$AE,$80,$AD,$AF,$AD,$A5,$AE
   311 78CD B4 AF 80 B0 AF B2 +     .byte $B4,$AF,$80,$B0,$AF,$B2,$80,$A6,$A1,$B6,$AF,$B2,$00,$00,$00,$00
   312 78DD 34 32 21 33 30 21 +     .byte $34,$32,$21,$33,$30,$21,$33,$21,$2E,$24,$2F,$00,$00,$00,$00,$00
   313 78ED 00 00 00 00 00 00 +     .byte $00,$00,$00,$00,$00,$00,$00,$6A,$75,$65,$67,$6F,$00,$00,$00,$00
   314 78FD 00 00 00 00 00 00 +     .byte $00,$00,$00,$00,$00,$00,$00,$00,$00,$00,$00,$00,$00,$00,$00,$00
   315 790D 00 00 00 00 00 00 +     .byte $00,$00,$00,$00,$00,$00,$00,$00,$A2,$FF,$A9,$3C,$8F,$02,$D3,$A9
   316 791D 77 8F A6 F3 A9 F4 +     .byte $77,$8F,$A6,$F3,$A9,$F4,$8F,$A7,$F3,$20,$AB,$EF,$A9,$06,$20,$28
   317 792D F1 20 B6 EF 4C C1 +     .byte $F1,$20,$B6,$EF,$4C,$C1,$EF,$A5,$B2,$B2,$AF,$B2,$80,$A5,$AE,$80
   318 793D A5 AC 80 B4 B2 A1 +     .byte $A5,$AC,$80,$B4,$B2,$A1,$B3,$B0,$A1,$B3,$AF,$32,$25,$22,$2F,$22
   319 794D 29 2E 25 00 25 2C +     .byte $29,$2E,$25,$00,$25,$2C,$00,$23,$21,$33,$33,$25,$34,$34,$25,$00
   320 795D 00 00 6C 75 65 67 +     .byte $00,$00,$6C,$75,$65,$67,$6F,$00,$70,$72,$65,$73,$69,$6F,$6E,$65
   321 796D 00 00 00 00 00 00 +     .byte $00,$00,$00,$00,$00,$00,$00,$00,$00,$00,$00,$B3,$B4,$A1,$B2,$B4
   322 797D			prgCC_09
   323 797D 00 00 00 00 00 00 +     .byte $00,$00,$00,$00,$00,$00,$00,$20,$AA,$F7,$00,$00,$A9,$AE,$A7,$B2
   324 798D A5 B3 A5 00 A3 A1 +     .byte $A5,$B3,$A5,$00,$A3,$A1,$B3,$B3,$A5,$B4,$B4,$A5,$00,$00,$00,$00
   325 799D 00 00 00 00 64 65 +     .byte $00,$00,$00,$00,$64,$65,$73,$74,$69,$6E,$6F,$00,$00,$00,$00,$00
   326 79AD 00 00 30 32 25 33 +     .byte $00,$00,$30,$32,$25,$33,$29,$2F,$2E,$25,$00,$B0,$AC,$A1,$B9,$8B
   327 79BD B2 A5 A3 AF B2 A4 +     .byte $B2,$A5,$A3,$AF,$B2,$A4,$00,$00,$00,$79,$00,$6C,$75,$65,$67,$6F
   328 79CD 00 AF B0 B4 A9 AF +     .byte $00,$AF,$B0,$B4,$A9,$AF,$AE,$00,$00,$00,$A9,$05,$C5,$81,$D0,$03
   329 79DD 4C C1 EF A6 99 F0 +     .byte $4C,$C1,$EF,$A6,$99,$F0,$03,$4C,$C5,$F6,$85,$8F,$A9,$00,$85,$8E
   330 79ED A2 00 8F 8B 00 8F +     .byte $A2,$00,$8F,$8B,$00,$8F,$8C,$00,$8F,$8D,$00,$8F,$9F,$00,$8F,$A0
   331 79FD 00 20 AA F7 AD 00 +     .byte $00,$20,$AA,$F7,$AD,$00,$05,$2D,$01,$05,$C9,$FF,$F0,$03,$4C,$37
   332 7A0D F9 A5 8C F0 13 A9 +     .byte $F9,$A5,$8C,$F0,$13,$A9,$00,$8F,$8C,$00,$A5,$8D,$0A,$AA,$A5,$8E
   333 7A1D 95 9F A5 8F 95 A0 +     .byte $95,$9F,$A5,$8F,$95,$A0,$E6,$8D,$20,$DE,$F5,$85,$92,$20,$DE,$F5
   334 7A2D 85 93 25 92 C9 FF +     .byte $85,$93,$25,$92,$C9,$FF,$F0,$F0,$A6,$9A,$F0,$0F,$C9,$E0,$90,$0B
   335 7A3D A5 8E 85 80 A5 8F +     .byte $A5,$8E,$85,$80,$A5,$8F,$85,$81,$4C,$37,$F9,$A5,$93,$C9,$03,$B0
   336 7A4D 20 A5 92 C9 E4 B0 +     .byte $20,$A5,$92,$C9,$E4,$B0,$1A,$20,$DE,$F5,$85,$94,$20,$DE,$F5,$85
   337 7A5D 95 C9 02 90 16 A5 +     .byte $95,$C9,$02,$90,$16,$A5,$94,$C9,$E2,$90,$10,$A9,$01,$85,$8C,$D0
   338 7A6D 0A 20 DE F5 85 94 +     .byte $0A,$20,$DE,$F5,$85,$94,$20,$DE,$F5,$85,$95,$38,$A5,$94,$E5,$92
   339 7A7D			prgCC_10
   340 7A7D 49 FF 85 90 A5 95 +     .byte $49,$FF,$85,$90,$A5,$95,$E5,$93,$49,$FF,$85,$91,$20,$DE,$F5,$E6
   341 7A8D 90 D0 02 E6 91 A5 +     .byte $90,$D0,$02,$E6,$91,$A5,$90,$05,$91,$D0,$F1,$4C,$51,$F5,$A0,$00
   342 7A9D B1 8E E6 8E D0 02 +     .byte $B1,$8E,$E6,$8E,$D0,$02,$E6,$8F,$A6,$81,$E4,$8F,$D0,$06,$A6,$8E
   343 7AAD E4 80 F0 01 60 68 +     .byte $E4,$80,$F0,$01,$60,$68,$68,$4C,$37,$F9,$A0,$80,$B9,$00,$04,$91
   344 7ABD 9F 88 10 F8 A5 9F +     .byte $9F,$88,$10,$F8,$A5,$9F,$49,$80,$85,$9F,$30,$02,$E6,$A0,$60,$A2
   345 7ACD 58 BD 52 F1 9D 3D +     .byte $58,$BD,$52,$F1,$9D,$3D,$ED,$CA,$10,$F7,$60,$A2,$FF,$A9,$00,$8F
   346 7ADD 9F 00 A9 BA 8F A0 +     .byte $9F,$00,$A9,$BA,$8F,$A0,$00,$20,$FA,$F5,$A9,$FF,$20,$C2,$F1,$98
   347 7AED 10 F5 C0 88 F0 03 +     .byte $10,$F5,$C0,$88,$F0,$03,$4C,$58,$F4,$20,$FA,$F5,$A0,$68,$A9,$FF
   348 7AFD AE 67 BD 24 9C 10 +     .byte $AE,$67,$BD,$24,$9C,$10,$07,$A2,$2D,$AD,$02,$BD,$A0,$81,$8E,$67
   349 7B0D BD 8D 02 BD A2 00 +     .byte $BD,$8D,$02,$BD,$A2,$00,$BD,$7D,$F7,$99,$00,$BD,$C8,$E8,$E0,$15
   350 7B1D D0 F4 A2 00 86 98 +     .byte $D0,$F4,$A2,$00,$86,$98,$E8,$86,$99,$A2,$0B,$BD,$92,$F7,$9D,$00
   351 7B2D 03 CA 10 F7 A9 40 +     .byte $03,$CA,$10,$F7,$A9,$40,$8D,$03,$03,$20,$59,$E4,$AE,$0D,$D2,$98
   352 7B3D 10 11 C0 8F F0 0D +     .byte $10,$11,$C0,$8F,$F0,$0D,$A5,$98,$F0,$06,$20,$05,$F8,$4C,$7C,$F6
   353 7B4D 4C 58 F4 8A 48 A9 +     .byte $4C,$58,$F4,$8A,$48,$A9,$00,$85,$31,$AA,$A8,$E0,$64,$D0,$02,$E8
   354 7B5D E8 18 BD FF 03 91 +     .byte $E8,$18,$BD,$FF,$03,$91,$80,$65,$31,$69,$00,$85,$31,$E8,$C8,$C0
   355 7B6D C9 D0 E8 68 C5 31 +     .byte $C9,$D0,$E8,$68,$C5,$31,$D0,$CE,$A9,$C9,$20,$1C,$F1,$20,$E5,$F7
   356 7B7D			prgCC_11
   357 7B7D AD FF 03 D0 AF 20 +     .byte $AD,$FF,$03,$D0,$AF,$20,$AA,$F7,$20,$40,$F9,$20,$45,$FB,$BD,$DD
   358 7B8D F6 9D 00 03 CA 10 +     .byte $F6,$9D,$00,$03,$CA,$10,$F7,$20,$59,$E4,$4C,$04,$F7,$60,$00,$57
   359 7B9D 80 E9 F6 23 00 83 +     .byte $80,$E9,$F6,$23,$00,$83,$00,$00,$80,$A2,$FF,$A9,$81,$8F,$48,$FE
   360 7BAD A4 62 A9 00 99 91 +     .byte $A4,$62,$A9,$00,$99,$91,$FE,$A9,$01,$99,$93,$FE,$A9,$60,$8F,$FC
   361 7BBD FD 4C 80 C6 A9 00 +     .byte $FD,$4C,$80,$C6,$A9,$00,$85,$82,$A9,$BA,$85,$83,$A0,$80,$B1,$82
   362 7BCD 99 00 04 88 10 F8 +     .byte $99,$00,$04,$88,$10,$F8,$A5,$82,$49,$80,$85,$82,$30,$02,$E6,$83
   363 7BDD A2 FC A5 82 C5 9F +     .byte $A2,$FC,$A5,$82,$C5,$9F,$D0,$08,$A5,$83,$C5,$A0,$D0,$02,$A2,$FE
   364 7BED 8A 48 20 7C FE 68 +     .byte $8A,$48,$20,$7C,$FE,$68,$C9,$FE,$D0,$D2,$18,$A5,$14,$69,$60,$C5
   365 7BFD 14 D0 FC A2 0B BD +     .byte $14,$D0,$FC,$A2,$0B,$BD,$9E,$F7,$9D,$00,$03,$CA,$10,$F7,$A9,$80
   366 7C0D 8D 03 03 85 3E 20 +     .byte $8D,$03,$03,$85,$3E,$20,$59,$E4,$18,$AD,$04,$03,$69,$C9,$8D,$04
   367 7C1D 03 AD 05 03 69 00 +     .byte $03,$AD,$05,$03,$69,$00,$8D,$05,$03,$AD,$04,$03,$C5,$80,$D0,$DE
   368 7C2D AD 05 03 C5 81 D0 +     .byte $AD,$05,$03,$C5,$81,$D0,$D7,$20,$0D,$FA,$4C,$42,$EF,$A2,$FF,$A9
   369 7C3D D9 8F 04 D2 E8 8F +     .byte $D9,$8F,$04,$D2,$E8,$8F,$06,$D2,$8F,$0F,$D2,$AF,$32,$02,$8F,$0F
   370 7C4D D2 60 60 00 52 40 +     .byte $D2,$60,$60,$00,$52,$40,$FD,$03,$35,$00,$CD,$00,$00,$80,$60,$00
   371 7C5D 57 80 00 05 23 00 +     .byte $57,$80,$00,$05,$23,$00,$C9,$00,$00,$80,$A2,$FF,$A9,$3C,$8F,$02
   372 7C6D D3 A9 CA 8F A6 F3 +     .byte $D3,$A9,$CA,$8F,$A6,$F3,$A9,$F4,$8F,$A7,$F3,$A9,$03,$20,$28,$F1
   373 7C7D			prgCC_12
   374 7C7D A9 08 8D A6 F3 A9 +     .byte $A9,$08,$8D,$A6,$F3,$A9,$F4,$8D,$A7,$F3,$60,$4C,$33,$C9,$2C,$03
   375 7C8D 03 30 F8 AD 00 03 +     .byte $03,$30,$F8,$AD,$00,$03,$C9,$60,$D0,$F1,$20,$CB,$F7,$A5,$99,$F0
   376 7C9D 01 60 98 30 1A AC +     .byte $01,$60,$98,$30,$1A,$AC,$08,$03,$AD,$04,$03,$85,$96,$AD,$05,$03
   377 7CAD 85 97 B1 96 99 FA +     .byte $85,$97,$B1,$96,$99,$FA,$FB,$88,$D0,$F8,$A0,$01,$85,$98,$60,$A5
   378 7CBD 98 D0 02 98 60 A9 +     .byte $98,$D0,$02,$98,$60,$A9,$3C,$8D,$02,$D3,$A9,$97,$8D,$A6,$F3,$A9
   379 7CCD F8 8D A7 F3 20 AB +     .byte $F8,$8D,$A7,$F3,$20,$AB,$EF,$A9,$06,$20,$28,$F1,$20,$B6,$EF,$A9
   380 7CDD E7 8D A6 F3 A9 F8 +     .byte $E7,$8D,$A6,$F3,$A9,$F8,$8D,$A7,$F3,$A9,$32,$8D,$02,$D3,$A9,$B0
   381 7CED 85 14 A5 14 30 FC +     .byte $85,$14,$A5,$14,$30,$FC,$AD,$0F,$D2,$29,$10,$8D,$16,$03,$A0,$40
   382 7CFD A2 01 A9 03 8D 2A +     .byte $A2,$01,$A9,$03,$8D,$2A,$02,$20,$5C,$E4,$AD,$2A,$02,$F0,$B6,$AD
   383 7D0D 0F D2 29 10 CD 16 +     .byte $0F,$D2,$29,$10,$CD,$16,$03,$F0,$F1,$20,$B2,$F1,$A9,$40,$8D,$03
   384 7D1D 03 20 CB F7 10 08 +     .byte $03,$20,$CB,$F7,$10,$08,$A5,$99,$F0,$9B,$C0,$8F,$D0,$97,$AC,$08
   385 7D2D 03 AD 04 03 85 96 +     .byte $03,$AD,$04,$03,$85,$96,$AD,$05,$03,$85,$97,$B1,$96,$D9,$FA,$FB
   386 7D3D D0 DA 88 D0 F6 A9 +     .byte $D0,$DA,$88,$D0,$F6,$A9,$08,$8D,$A6,$F3,$A9,$F4,$8D,$A7,$F3,$A9
   387 7D4D 40 8D 03 03 4C 59 +     .byte $40,$8D,$03,$03,$4C,$59,$E4,$A5,$B2,$B2,$AF,$B2,$80,$A5,$AE,$80
   388 7D5D A5 AC 80 B4 B2 A1 +     .byte $A5,$AC,$80,$B4,$B2,$A1,$B3,$B0,$A1,$B3,$AF,$00,$32,$25,$22,$2F
   389 7D6D 22 29 2E 25 00 14 +     .byte $22,$29,$2E,$25,$00,$14,$00,$36,$35,$25,$2C,$34,$21,$33,$00,$00	
   390 7D7D			prgCC_13
   391 7D7D 00 70 72 65 73 69 +     .byte $00,$70,$72,$65,$73,$69,$6F,$6E,$65,$00,$00,$B3,$B4,$A1,$B2,$B4
   392 7D8D 00 00 00 00 00 00 +     .byte $00,$00,$00,$00,$00,$00,$79,$00,$6C,$75,$65,$67,$6F,$00,$00,$B0
   393 7D9D AC A1 B9 00 00 00 +     .byte $AC,$A1,$B9,$00,$00,$00,$00,$00,$00,$00,$00,$B2,$A5,$A3,$B5,$B0
   394 7DAD A5 B2 A1 AE A4 AF +     .byte $A5,$B2,$A1,$AE,$A4,$AF,$00,$00,$00,$00,$00,$00,$00,$00,$00,$00
   395 7DBD 00 00 64 61 74 6F +     .byte $00,$00,$64,$61,$74,$6F,$73,$00,$00,$00,$00,$00,$00,$00,$00,$00
   396 7DCD 00 00 00 00 00 00 +     .byte $00,$00,$00,$00,$00,$00,$00,$00,$00,$00,$00,$00,$00,$00,$00,$00
   397 7DDD 00 00 00 00 00 00 +     .byte $00,$00,$00,$00,$00,$00,$00,$00,$00,$00,$00,$00,$00,$00,$00,$00
   398 7DED 00 00 00 00 00 00 +     .byte $00,$00,$00,$00,$00,$00,$00,$20,$40,$F9,$20,$50,$FB,$4C,$BB,$F9
   399 7DFD A2 FF A9 00 8F 8C +     .byte $A2,$FF,$A9,$00,$8F,$8C,$00,$8F,$8B,$00,$A9,$60,$8F,$FC,$FD,$8F
   400 7E0D 44 02 A4 62 A9 02 +     .byte $44,$02,$A4,$62,$A9,$02,$99,$15,$EE,$A9,$48,$8F,$89,$00,$99,$8F
   401 7E1D FE A9 03 8F 8A 00 +     .byte $FE,$A9,$03,$8F,$8A,$00,$99,$8D,$FE,$A9,$34,$8F,$D7,$FD,$A9,$FF
   402 7E2D 8F 52 FE A9 03 8F +     .byte $8F,$52,$FE,$A9,$03,$8F,$4D,$FE,$A9,$81,$8F,$48,$FE,$A9,$CC,$8F
   403 7E3D A3 EB 8F 41 FD A9 +     .byte $A3,$EB,$8F,$41,$FD,$A9,$05,$8F,$A8,$EB,$8F,$46,$FD,$A9,$08,$8F
   404 7E4D 26 EC 20 34 FD 20 +     .byte $26,$EC,$20,$34,$FD,$20,$2B,$FB,$A2,$FF,$A9,$D9,$8F,$A3,$EB,$8F
   405 7E5D 41 FD E8 8F A8 EB +     .byte $41,$FD,$E8,$8F,$A8,$EB,$8F,$46,$FD,$8F,$26,$EC,$A6,$62,$A9,$20
   406 7E6D 9D 8F FE A9 01 9D +     .byte $9D,$8F,$FE,$A9,$01,$9D,$8D,$FE,$4C,$34,$FD,$20,$45,$FB,$BD,$CD
   407 7E7D			prgCC_14
   408 7E7D F9 9D 00 03 CA 10 +     .byte $F9,$9D,$00,$03,$CA,$10,$F7,$20,$59,$E4,$4C,$D9,$F9,$60,$00,$57
   409 7E8D 80 00 CC 23 00 F8 +     .byte $80,$00,$CC,$23,$00,$F8,$01,$00,$80,$20,$45,$FB,$BD,$EB,$F9,$9D
   410 7E9D 00 03 CA 10 F7 20 +     .byte $00,$03,$CA,$10,$F7,$20,$59,$E4,$4C,$F7,$F9,$60,$00,$57,$80,$00
   411 7EAD D8 23 00 F3 04 00 +     .byte $D8,$23,$00,$F3,$04,$00,$80,$A9,$00,$85,$3D,$18,$A5,$14,$69,$1E
   412 7EBD C5 14 D0 FC 20 1F +     .byte $C5,$14,$D0,$FC,$20,$1F,$FA,$20,$0D,$FA,$4C,$42,$EF,$A9,$3C,$8D
   413 7ECD 02 D3 A6 62 A5 89 +     .byte $02,$D3,$A6,$62,$A5,$89,$9D,$8F,$FE,$A5,$8A,$9D,$8D,$FE,$60,$A9
   414 7EDD FF A2 80 8F 3E 00 +     .byte $FF,$A2,$80,$8F,$3E,$00,$A2,$00,$8F,$82,$00,$A2,$05,$8F,$83,$00
   415 7EED AD 1F D0 C9 05 F0 +     .byte $AD,$1F,$D0,$C9,$05,$F0,$45,$A0,$00,$B1,$82,$20,$B4,$FD,$D0,$12
   416 7EFD A5 8B F0 0E 18 A5 +     .byte $A5,$8B,$F0,$0E,$18,$A5,$14,$69,$40,$C5,$14,$D0,$FC,$A9,$00,$8F
   417 7F0D 8B 00 E6 82 D0 02 +     .byte $8B,$00,$E6,$82,$D0,$02,$E6,$83,$A5,$8C,$C5,$8D,$F0,$12,$0A,$AA
   418 7F1D A5 82 D5 9F D0 0A +     .byte $A5,$82,$D5,$9F,$D0,$0A,$A5,$83,$D5,$A0,$D0,$04,$E6,$8B,$E6,$8C
   419 7F2D A5 82 C5 80 D0 BA +     .byte $A5,$82,$C5,$80,$D0,$BA,$A5,$83,$C5,$81,$D0,$B4,$A6,$3D,$F0,$08
   420 7F3D 8E 7F 04 A9 FA 20 +     .byte $8E,$7F,$04,$A9,$FA,$20,$7C,$FE,$A2,$80,$8F,$0A,$D4,$8F,$0A,$D4
   421 7F4D CA 10 F7 A9 FE 20 +     .byte $CA,$10,$F7,$A9,$FE,$20,$7C,$FE,$4C,$D6,$FD,$55,$55,$FA,$00,$01
   422 7F5D 6C 03 FF 03 78 CB +     .byte $6C,$03,$FF,$03,$78,$CB,$9B,$BD,$81,$03,$38,$EB,$81,$9D,$81,$03
   423 7F6D CA D0 F4 8F 8F 55 +     .byte $CA,$D0,$F4,$8F,$8F,$55,$4B,$0D,$82,$54,$21,$41,$0D,$13,$84,$0D
   424 7F7D			prgCC_15
   425 7F7D 19 84 2E 81 85 60 +     .byte $19,$84,$2E,$81,$85,$60,$83,$53,$10,$81,$21,$80,$83,$53,$80,$13
   426 7F8D 83 6F 18 84 51 6D +     .byte $83,$6F,$18,$84,$51,$6D,$49,$71,$89,$41,$4E,$51,$60,$21,$61,$51
   427 7F9D 5C 60 83 53 6C 2D +     .byte $5C,$60,$83,$53,$6C,$2D,$10,$63,$6C,$CF,$8F,$55,$0F,$D3,$7F,$4C
   428 7FAD 71 3E 52 84 1E BD +     .byte $71,$3E,$52,$84,$1E,$BD,$6E,$4B,$51,$78,$69,$07,$95,$38,$95,$51
   429 7FBD 7D A1 0E 7E 10 87 +     .byte $7D,$A1,$0E,$7E,$10,$87,$53,$10,$B2,$81,$10,$90,$53,$99,$6C,$A8
   430 7FCD 2B 10 85 53 30 B3 +     .byte $2B,$10,$85,$53,$30,$B3,$83,$10,$90,$53,$99,$E1,$00,$01,$F4,$7E
   431 7FDD 50 F4 7F 7A F4 9B +     .byte $50,$F4,$7F,$7A,$F4,$9B,$61,$F6,$9C,$20,$F5,$A2,$0B,$BD,$39,$FB
   432 7FED 9D 00 03 CA 10 F7 +     .byte $9D,$00,$03,$CA,$10,$F7,$4C,$59,$E4,$60,$00,$57,$80,$9B,$FA,$1F
   433 7FFD 00 83 00 00 80 A9 +     .byte $00,$83,$00,$00,$80,$A9,$F5,$85,$14,$A5,$14,$D0,$FC,$A2,$0B,$60
   434 800D A2 0B BD 5E FB 9D +     .byte $A2,$0B,$BD,$5E,$FB,$9D,$00,$03,$CA,$10,$F7,$4C,$59,$E4,$60,$00
   435 801D 57 80 6A FB 23 00 +     .byte $57,$80,$6A,$FB,$23,$00,$83,$00,$00,$80,$20,$10,$04,$A9,$FF,$8D
   436 802D 01 D3 4E 01 D3 4E +     .byte $01,$D3,$4E,$01,$D3,$4E,$02,$D3,$4C,$00,$50,$A2,$FF,$9A,$A9,$00
   437 803D 48 8F 04 03 A9 F8 +     .byte $48,$8F,$04,$03,$A9,$F8,$AB,$FF,$A9,$CC,$48,$A0,$01,$20,$5C,$04
   438 804D A9 2C 8F 71 04 A9 +     .byte $A9,$2C,$8F,$71,$04,$A9,$81,$8F,$48,$FE,$A9,$00,$8F,$04,$03,$A9
   439 805D F3 AB FF A9 D8 A0 +     .byte $F3,$AB,$FF,$A9,$D8,$A0,$04,$20,$5C,$04,$68,$AA,$68,$18,$EB,$00
   440 806D A8 8A EB 00 48 98 +     .byte $A8,$8A,$EB,$00,$48,$98,$48,$A0,$02,$A9,$00,$91,$58,$8F,$41,$00
   441 807D			prgCC_16
   442 807D 8F 2F 02 8F 00 D4 +     .byte $8F,$2F,$02,$8F,$00,$D4,$60,$48,$8A,$A2,$FF,$8F,$08,$03,$68,$8F
   443 808D 05 03 98 8F 09 03 +     .byte $05,$03,$98,$8F,$09,$03,$8A,$4B,$40,$8F,$03,$03,$20,$59,$E4,$10
   444 809D 04 68 68 68 68 AB +     .byte $04,$68,$68,$68,$68,$AB,$00,$CA,$60,$80,$80,$85,$80,$1B,$80,$FD
   445 80AD 80 00 20 60 0E 80 +     .byte $80,$00,$20,$60,$0E,$80,$0D,$80,$81,$12,$A9,$00,$8D,$C6,$02,$8D
   446 80BD 18 D0 A0 02 91 58 +     .byte $18,$D0,$A0,$02,$91,$58,$A8,$A9,$3C,$8D,$02,$D3,$18,$A5,$58,$69
   447 80CD 50 85 58 90 02 E6 +     .byte $50,$85,$58,$90,$02,$E6,$59,$B9,$34,$FC,$30,$05,$91,$58,$C8,$D0
   448 80DD F6 A0 02 A9 01 85 +     .byte $F6,$A0,$02,$A9,$01,$85,$14,$A5,$14,$D0,$FC,$88,$D0,$F5,$91,$58
   449 80ED C8 D0 FB 60 00 00 +     .byte $C8,$D0,$FB,$60,$00,$00,$23,$2F,$25,$2C,$33,$21,$00,$23,$2F,$2D
   450 80FD 30 35 34 21 23 29 +     .byte $30,$35,$34,$21,$23,$29,$2F,$2E,$00,$39,$00,$25,$2C,$25,$23,$34
   451 810D 32 2F 2E 29 23 21 +     .byte $32,$2F,$2E,$29,$23,$21,$00,$33,$0E,$21,$0E,$00,$00,$00,$00,$00
   452 811D 00 00 00 24 25 32 +     .byte $00,$00,$00,$24,$25,$32,$25,$23,$28,$2F,$33,$00,$32,$25,$33,$25
   453 812D 32 36 21 24 2F 33 +     .byte $32,$36,$21,$24,$2F,$33,$00,$08,$11,$19,$19,$10,$09,$00,$00,$00
   454 813D 00 00 00 00 32 25 +     .byte $00,$00,$00,$00,$32,$25,$27,$29,$33,$34,$32,$2F,$00,$24,$25,$00
   455 814D 30 32 2F 30 29 25 +     .byte $30,$32,$2F,$30,$29,$25,$24,$21,$24,$00,$29,$2E,$34,$25,$2C,$25
   456 815D 23 34 35 21 2C 1A +     .byte $23,$34,$35,$21,$2C,$1A,$00,$17,$16,$14,$18,$18,$FF,$BF,$98,$29
   457
   458 				; Bytes del $D800 al $DF60
   459 				; Segunda parte del conversor
   460 816D			prgCC_17
   461 816D A2 80 86 3D 8E 8A +     .byte $A2,$80,$86,$3D,$8E,$8A,$02,$4C,$D4,$D8,$85,$02,$84,$03,$60,$A9
   462 817D 02 A0 00 20 0A D8 +     .byte $02,$A0,$00,$20,$0A,$D8,$A9,$F3,$A0,$DC,$85,$04,$84,$05,$A9,$00
   463 818D 8F 00 00 8F 01 00 +     .byte $8F,$00,$00,$8F,$01,$00,$20,$7A,$FD,$10,$07,$C0,$88,$D0,$35,$4C
   464 819D BB D9 A0 00 91 04 +     .byte $BB,$D9,$A0,$00,$91,$04,$A6,$3D,$10,$11,$AC,$FB,$DA,$D0,$0C,$8E
   465 81AD FB DA BD 00 04 9D +     .byte $FB,$DA,$BD,$00,$04,$9D,$F5,$DC,$CA,$10,$F7,$E6,$04,$D0,$02,$E6
   466 81BD 05 E6 00 D0 02 E6 +     .byte $05,$E6,$00,$D0,$02,$E6,$01,$A5,$00,$C5,$02,$D0,$C9,$A5,$01,$C5
   467 81CD 03 D0 C3 60 A9 FB +     .byte $03,$D0,$C3,$60,$A9,$FB,$25,$10,$85,$10,$8D,$0E,$D2,$20,$8E,$EF
   468 81DD A9 3C 8D 02 D3 A2 +     .byte $A9,$3C,$8D,$02,$D3,$A2,$00,$86,$52,$E8,$8E,$F0,$02,$8E,$44,$02
   469 81ED A9 2E 8D ED CD A9 +     .byte $A9,$2E,$8D,$ED,$CD,$A9,$63,$85,$00,$A9,$DB,$85,$01,$A0,$00,$B1
   470 81FD 00 C9 40 F0 0B 20 +     .byte $00,$C9,$40,$F0,$0B,$20,$B0,$F2,$E6,$00,$D0,$F1,$E6,$01,$D0,$ED
   471 820D A9 FF 8D FC 02 AE +     .byte $A9,$FF,$8D,$FC,$02,$AE,$FC,$02,$E0,$0C,$D0,$F9,$BD,$C7,$D8,$9D
   472 821D 00 20 CA 10 F7 A9 +     .byte $00,$20,$CA,$10,$F7,$A9,$00,$8D,$44,$02,$85,$02,$A9,$20,$85,$03
   473 822D A9 02 85 09 6C FC +     .byte $A9,$02,$85,$09,$6C,$FC,$FF,$A9,$FF,$8D,$01,$D3,$A9,$0C,$8D,$FC
   474 823D 02 4C 80 C6 A2 04 +     .byte $02,$4C,$80,$C6,$A2,$04,$86,$01,$A9,$00,$8F,$09,$00,$8F,$0A,$00
   475 824D 8F 0B 00 8F 0C 00 +     .byte $8F,$0B,$00,$8F,$0C,$00,$8F,$0D,$00,$8F,$00,$00,$A8,$91,$00,$C8
   476 825D D0 FB E8 86 01 E0 +     .byte $D0,$FB,$E8,$86,$01,$E0,$C0,$D0,$F4,$A9,$E9,$8D,$14,$02,$A9,$DA
   477 826D			prgCC_18
   478 826D 8D 15 02 A9 04 05 +     .byte $8D,$15,$02,$A9,$04,$05,$10,$85,$10,$8D,$0E,$D2,$20,$0F,$D8,$AD
   479 827D F3 DC 2D F4 DC C9 +     .byte $F3,$DC,$2D,$F4,$DC,$C9,$FF,$D0,$11,$A9,$74,$8D,$FC,$DA,$A9,$E4
   480 828D 8D FD DA A9 01 8D +     .byte $8D,$FD,$DA,$A9,$01,$8D,$FA,$DA,$D0,$E2,$AD,$E0,$02,$0D,$E1,$02
   481 829D D0 0C AF F3 DC 8F +     .byte $D0,$0C,$AF,$F3,$DC,$8F,$E0,$02,$AF,$F4,$DC,$8F,$E1,$02,$AD,$FA
   482 82AD DA D0 03 4C 90 DA +     .byte $DA,$D0,$03,$4C,$90,$DA,$AF,$F3,$DC,$8F,$40,$02,$AF,$F4,$DC,$8F
   483 82BD 41 02 20 0F D8 38 +     .byte $41,$02,$20,$0F,$D8,$38,$AD,$F3,$DC,$ED,$40,$02,$85,$02,$AD,$F4
   484 82CD DC ED 41 02 85 03 +     .byte $DC,$ED,$41,$02,$85,$03,$E6,$02,$D0,$02,$E6,$03,$AD,$40,$02,$AC
   485 82DD 41 02 20 1A D8 AD +     .byte $41,$02,$20,$1A,$D8,$AD,$E2,$02,$0D,$E3,$02,$F0,$2E,$A9,$60,$8D
   486 82ED 5C E4 8D 53 E4 8D +     .byte $5C,$E4,$8D,$53,$E4,$8D,$77,$E4,$85,$00,$CE,$F9,$DA,$20,$AE,$D9
   487 82FD EE F9 DA A9 4C 8D +     .byte $EE,$F9,$DA,$A9,$4C,$8D,$5C,$E4,$8D,$53,$E4,$8D,$77,$E4,$A9,$52
   488 830D 8D 02 03 A9 00 8F +     .byte $8D,$02,$03,$A9,$00,$8F,$E2,$02,$8F,$E3,$02,$4C,$0C,$D9,$6C,$E2
   489 831D 02 A9 FF 8D 01 D3 +     .byte $02,$A9,$FF,$8D,$01,$D3,$A9,$00,$6C,$E0,$02,$A5,$10,$29,$FB,$85
   490 832D 10 8D 0E D2 A9 3C +     .byte $10,$8D,$0E,$D2,$A9,$3C,$8D,$02,$D3,$A2,$09,$BD,$B1,$D9,$9D,$92
   491 833D 03 CA 10 F7 AD 30 +     .byte $03,$CA,$10,$F7,$AD,$30,$02,$48,$AD,$31,$02,$48,$A9,$FE,$8D,$30
   492 834D 02 A9 DA 8D 31 02 +     .byte $02,$A9,$DA,$8D,$31,$02,$A9,$2E,$8D,$ED,$CD,$A9,$01,$8D,$F8,$03
   493 835D 8D DC 02 A9 E0 8D +     .byte $8D,$DC,$02,$A9,$E0,$8D,$09,$D4,$A0,$80,$B9,$F5,$DC,$99,$00,$04
   494 836D			prgCC_19
   495 836D 88 10 F7 A9 11 A6 +     .byte $88,$10,$F7,$A9,$11,$A6,$14,$8E,$17,$D0,$CD,$DC,$02,$D0,$F6,$AD
   496 837D 0B D4 30 FB 68 8D +     .byte $0B,$D4,$30,$FB,$68,$8D,$31,$02,$68,$8D,$30,$02,$A9,$5F,$8D,$22
   497 838D 02 A9 E4 8D 23 02 +     .byte $02,$A9,$E4,$8D,$23,$02,$A2,$FF,$9A,$A9,$00,$8F,$6F,$02,$8F,$07
   498 839D D4 A2 1F 9D 00 D0 +     .byte $D4,$A2,$1F,$9D,$00,$D0,$CA,$10,$FA,$A9,$A0,$8F,$01,$D2,$A9,$22
   499 83AD 8F 2F 02 8F 00 D4 +     .byte $8F,$2F,$02,$8F,$00,$D4,$A9,$00,$8F,$44,$02,$A5,$09,$D0,$04,$A9
   500 83BD 02 85 09 AE E0 02 +     .byte $02,$85,$09,$AE,$E0,$02,$86,$02,$AC,$E1,$02,$84,$03,$A5,$0C,$05
   501 83CD 0D D0 04 86 0C 84 +     .byte $0D,$D0,$04,$86,$0C,$84,$0D,$A5,$0A,$05,$0B,$D0,$0A,$AD,$FC,$DA
   502 83DD 85 0A AD FD DA 85 +     .byte $85,$0A,$AD,$FD,$DA,$85,$0B,$38,$A5,$0A,$E9,$01,$AA,$A5,$0B,$E9
   503 83ED 00 48 8A 48 18 A5 +     .byte $00,$48,$8A,$48,$18,$A5,$14,$69,$02,$C5,$14,$D0,$FC,$4C,$92,$03
   504 83FD AF F3 DC 8F 40 02 +     .byte $AF,$F3,$DC,$8F,$40,$02,$AF,$F4,$DC,$8F,$41,$02,$20,$0F,$D8,$18
   505 840D AD F3 DC 69 06 85 +     .byte $AD,$F3,$DC,$69,$06,$85,$0C,$AD,$F4,$DC,$69,$00,$85,$0D,$20,$0F
   506 841D D8 AF F3 DC 8F 0A +     .byte $D8,$AF,$F3,$DC,$8F,$0A,$00,$AF,$F4,$DC,$8F,$0B,$00,$A0,$06,$0E
   507 842D 41 02 2E 40 02 88 +     .byte $41,$02,$2E,$40,$02,$88,$10,$F7,$AC,$40,$02,$AD,$41,$02,$20,$0A
   508 843D D8 AF 0C 00 8F 04 +     .byte $D8,$AF,$0C,$00,$8F,$04,$00,$8F,$E0,$02,$AF,$0D,$00,$8F,$05,$00
   509 844D 8F E1 02 20 26 D8 +     .byte $8F,$E1,$02,$20,$26,$D8,$4C,$BB,$D9,$A9,$34,$8D,$02,$D3,$2C,$F9
   510 845D DA 10 04 E6 14 E6 +     .byte $DA,$10,$04,$E6,$14,$E6,$13,$68,$40,$00,$00,$00,$00,$00,$70,$70
   511 846D			prgCC_20
   512 846D 70 70 70 70 70 70 +     .byte $70,$70,$70,$70,$70,$70,$70,$70,$70,$70,$70,$70,$42,$13,$DB,$02
   513 847D 41 FE DA 00 00 00 +     .byte $41,$FE,$DA,$00,$00,$00,$00,$00,$00,$00,$00,$00,$00,$00,$00,$00
   514 848D 00 00 00 70 72 65 +     .byte $00,$00,$00,$70,$72,$65,$73,$69,$6F,$6E,$65,$00,$00,$00,$00,$00
   515 849D 00 00 00 00 00 00 +     .byte $00,$00,$00,$00,$00,$00,$00,$00,$00,$00,$00,$00,$00,$00,$00,$00
   516 84AD 00 00 00 00 00 00 +     .byte $00,$00,$00,$00,$00,$00,$00,$00,$00,$00,$00,$00,$00,$28,$25,$2C
   517 84BD 30 00 00 00 00 00 +     .byte $30,$00,$00,$00,$00,$00,$00,$00,$00,$00,$00,$00,$00,$00,$00,$00
   518 84CD 00 00 00 7D D3 C5 +     .byte $00,$00,$00,$7D,$D3,$C5,$A0,$C4,$C5,$D4,$C5,$C3,$D4,$CF,$A0,$D5
   519 84DD CE C1 A0 C6 C1 CC +     .byte $CE,$C1,$A0,$C6,$C1,$CC,$CC,$C1,$A0,$C4,$D5,$D2,$C1,$CE,$D4,$C5
   520 84ED A0 CC C1 A0 C3 C1 +     .byte $A0,$CC,$C1,$A0,$C3,$C1,$D2,$C7,$C1,$A1,$9B,$1D,$1D,$1D,$1D,$1D
   521 84FD 2D 20 52 65 62 6F +     .byte $2D,$20,$52,$65,$62,$6F,$62,$69,$6E,$65,$20,$6C,$61,$20,$63,$69
   522 850D 6E 74 61 20 68 61 +     .byte $6E,$74,$61,$20,$68,$61,$73,$74,$61,$20,$65,$6C,$20,$63,$6F,$6D
   523 851D 69 65 6E 7A 6F 7F +     .byte $69,$65,$6E,$7A,$6F,$7F,$7F,$20,$20,$64,$65,$20,$6C,$61,$20,$6D
   524 852D 69 73 6D 61 9B 2D +     .byte $69,$73,$6D,$61,$9B,$2D,$20,$50,$72,$65,$73,$69,$6F,$6E,$65,$20
   525 853D 6C 61 73 20 74 65 +     .byte $6C,$61,$73,$20,$74,$65,$63,$6C,$61,$73,$20,$50,$4C,$41,$59,$20
   526 854D 79 20 52 45 54 55 +     .byte $79,$20,$52,$45,$54,$55,$52,$4E,$9B,$9B,$1D,$2D,$20,$53,$69,$20
   527 855D 65 6C 20 65 72 72 +     .byte $65,$6C,$20,$65,$72,$72,$6F,$72,$20,$73,$65,$20,$70,$72,$6F,$64
   528 856D			prgCC_21
   529 856D 75 63 65 20 65 6E +     .byte $75,$63,$65,$20,$65,$6E,$20,$72,$65,$69,$74,$65,$72,$61,$64,$61
   530 857D 73 7F 7F 20 20 6F +     .byte $73,$7F,$7F,$20,$20,$6F,$63,$61,$73,$69,$6F,$6E,$65,$73,$3A,$9B
   531 858D 9B 20 20 2D 43 6F +     .byte $9B,$20,$20,$2D,$43,$6F,$6D,$70,$72,$75,$65,$62,$65,$20,$6C,$61
   532 859D 20 63 61 72 67 61 +     .byte $20,$63,$61,$72,$67,$61,$20,$63,$6F,$6E,$20,$75,$6E,$20,$63,$61
   533 85AD 73 73 65 74 74 65 +     .byte $73,$73,$65,$74,$74,$65,$9B,$20,$20,$20,$71,$75,$65,$20,$73,$65
   534 85BD 20 65 6E 63 75 65 +     .byte $20,$65,$6E,$63,$75,$65,$6E,$74,$72,$65,$20,$65,$6E,$20,$62,$75
   535 85CD 65 6E 20 65 73 74 +     .byte $65,$6E,$20,$65,$73,$74,$61,$64,$6F,$9B,$20,$20,$2D,$48,$75,$6D
   536 85DD 65 64 65 7A 63 61 +     .byte $65,$64,$65,$7A,$63,$61,$20,$75,$6E,$61,$20,$67,$61,$73,$61,$20
   537 85ED 6C 69 6D 70 69 61 +     .byte $6C,$69,$6D,$70,$69,$61,$20,$65,$6E,$20,$61,$6C,$63,$6F,$68,$6F
   538 85FD 6C 9B 20 20 2D 4C +     .byte $6C,$9B,$20,$20,$2D,$4C,$69,$6D,$70,$69,$65,$20,$63,$75,$69,$64
   539 860D 61 64 6F 73 61 6D +     .byte $61,$64,$6F,$73,$61,$6D,$65,$6E,$74,$65,$20,$65,$6C,$20,$63,$61
   540 861D 62 65 7A 61 6C 20 +     .byte $62,$65,$7A,$61,$6C,$20,$79,$7F,$7F,$20,$20,$20,$65,$6C,$20,$72
   541 862D 6F 64 69 6C 6C 6F +     .byte $6F,$64,$69,$6C,$6C,$6F,$20,$70,$72,$65,$73,$6F,$72,$9B,$20,$20
   542 863D 2D 43 6F 6E 74 72 +     .byte $2D,$43,$6F,$6E,$74,$72,$6F,$6C,$65,$20,$65,$6C,$20,$61,$7A,$69
   543 864D 6D 75 74 20 64 65 +     .byte $6D,$75,$74,$20,$64,$65,$20,$73,$75,$20,$67,$72,$61,$62,$61,$64
   544 865D 6F 72 40 A9 00 8D +     .byte $6F,$72,$40,$A9,$00,$8D,$DC,$02,$A2,$A0,$9D,$00,$05,$9D,$CF,$DD
   545 866D			prgCC_22
   546 866D CA D0 F7 20 14 DD +     .byte $CA,$D0,$F7,$20,$14,$DD,$20,$83,$DE,$30,$E8,$20,$33,$DF,$A9,$94
   547 867D 8D C6 02 60 A9 CF +     .byte $8D,$C6,$02,$60,$A9,$CF,$85,$86,$A9,$DD,$85,$87,$A9,$00,$85,$80
   548 868D A9 05 85 81 A2 69 +     .byte $A9,$05,$85,$81,$A2,$69,$A0,$01,$20,$5F,$DD,$A9,$A8,$8D,$30,$02
   549 869D A9 DD 8D 31 02 A2 +     .byte $A9,$DD,$8D,$31,$02,$A2,$00,$A0,$00,$C0,$05,$90,$0A,$38,$BD,$00
   550 86AD 05 F0 04 E9 20 91 +     .byte $05,$F0,$04,$E9,$20,$91,$86,$E8,$10,$01,$60,$C8,$C0,$10,$90,$E9
   551 86BD 18 A5 86 69 14 85 +     .byte $18,$A5,$86,$69,$14,$85,$86,$A5,$87,$69,$00,$85,$87,$D0,$D8,$8E
   552 86CD 0A 03 8C 0B 03 A5 +     .byte $0A,$03,$8C,$0B,$03,$A5,$81,$8D,$05,$03,$A5,$80,$8D,$04,$03,$A9
   553 86DD 01 8D 01 03 A9 31 +     .byte $01,$8D,$01,$03,$A9,$31,$8D,$00,$03,$A9,$52,$8D,$02,$03,$A9,$00
   554 86ED 8D 09 03 A9 80 8D +     .byte $8D,$09,$03,$A9,$80,$8D,$08,$03,$AE,$C6,$02,$E8,$E8,$8E,$C6,$02
   555 86FD 8E 18 D0 A9 40 8D +     .byte $8E,$18,$D0,$A9,$40,$8D,$03,$03,$20,$53,$E4,$10,$09,$A2,$FF,$8E
   556 870D FC 02 9A 4C C0 EE +     .byte $FC,$02,$9A,$4C,$C0,$EE,$60,$00,$70,$70,$70,$46,$BB,$DD,$70,$70
   557 871D 07 07 07 07 07 07 +     .byte $07,$07,$07,$07,$07,$07,$07,$07,$41,$A8,$DD,$00,$00,$00,$00,$00
   558 872D 64 69 72 65 63 74 +     .byte $64,$69,$72,$65,$63,$74,$6F,$72,$69,$6F,$00,$00,$00,$00,$00,$00
   559 873D 00 00 00 00 00 00 +     .byte $00,$00,$00,$00,$00,$00,$00,$00,$00,$00,$00,$00,$00,$00,$00,$00
   560 874D 00 00 00 00 00 00 +     .byte $00,$00,$00,$00,$00,$00,$00,$00,$00,$00,$00,$00,$00,$00,$00,$00
   561 875D 00 00 00 00 00 00 +     .byte $00,$00,$00,$00,$00,$00,$00,$00,$00,$00,$00,$00,$00,$00,$00,$00
   562 876D			prgCC_23
   563 876D 00 00 00 00 00 00 +     .byte $00,$00,$00,$00,$00,$00,$00,$00,$00,$00,$00,$00,$00,$00,$00,$00
   564 877D 00 00 00 00 00 00 +     .byte $00,$00,$00,$00,$00,$00,$00,$00,$00,$00,$00,$00,$00,$00,$00,$00
   565 878D 00 00 00 00 00 00 +     .byte $00,$00,$00,$00,$00,$00,$00,$00,$00,$00,$00,$00,$00,$00,$00,$00
   566 879D 00 00 00 00 00 00 +     .byte $00,$00,$00,$00,$00,$00,$00,$00,$00,$00,$00,$00,$00,$00,$00,$00
   567 87AD 00 00 00 00 00 00 +     .byte $00,$00,$00,$00,$00,$00,$00,$00,$00,$00,$00,$00,$00,$00,$00,$00
   568 87BD 00 00 00 00 00 00 +     .byte $00,$00,$00,$00,$00,$00,$00,$00,$00,$00,$00,$00,$00,$00,$00,$00
   569 87CD 00 00 00 00 00 00 +     .byte $00,$00,$00,$00,$00,$00,$00,$00,$00,$00,$00,$00,$00,$00,$00,$00
   570 87DD 00 00 00 00 00 00 +     .byte $00,$00,$00,$00,$00,$00,$00,$00,$00,$00,$00,$00,$00,$00,$00,$00
   571 87ED 00 00 00 A9 CF 85 +     .byte $00,$00,$00,$A9,$CF,$85,$86,$A9,$DD,$85,$87,$A2,$00,$20,$F3,$DE
   572 87FD 20 AB EF 18 AD 0B +     .byte $20,$AB,$EF,$18,$AD,$0B,$D4,$65,$14,$8D,$0A,$D4,$8D,$18,$D0,$AC
   573 880D DC 02 C0 11 D0 06 +     .byte $DC,$02,$C0,$11,$D0,$06,$20,$B6,$EF,$A9,$FF,$60,$AD,$1F,$D0,$CD
   574 881D A7 DD F0 DF 8D A7 +     .byte $A7,$DD,$F0,$DF,$8D,$A7,$DD,$C9,$06,$F0,$59,$C9,$03,$D0,$11,$8A
   575 882D F0 D1 20 F3 DE 8A +     .byte $F0,$D1,$20,$F3,$DE,$8A,$38,$E9,$10,$AA,$20,$F3,$DE,$4C,$93,$DE
   576 883D C9 05 D0 BF 8A 18 +     .byte $C9,$05,$D0,$BF,$8A,$18,$69,$10,$A8,$B9,$00,$05,$D0,$06,$20,$F3
   577 884D DE 4C 83 DE 20 F3 +     .byte $DE,$4C,$83,$DE,$20,$F3,$DE,$8A,$18,$69,$10,$AA,$20,$F3,$DE,$4C
   578 885D 93 DE 00 8A 4A 4A +     .byte $93,$DE,$00,$8A,$4A,$4A,$4A,$4A,$A8,$8A,$88,$30,$04,$69,$04,$D0
   579 886D			prgCC_24
   580 886D F9 A8 A9 14 8D F2 +     .byte $F9,$A8,$A9,$14,$8D,$F2,$DE,$B1,$86,$49,$80,$91,$86,$C8,$CE,$F2
   581 887D DE D0 F4 60 20 B6 +     .byte $DE,$D0,$F4,$60,$20,$B6,$EF,$BD,$00,$05,$D0,$06,$20,$F3,$DE,$4C
   582 888D 83 DE 8A 18 69 04 +     .byte $83,$DE,$8A,$18,$69,$04,$AA,$BD,$00,$05,$A8,$CA,$BD,$00,$05,$AA
   583 889D A9 00 60 20 5F DD +     .byte $A9,$00,$60,$20,$5F,$DD,$A0,$7D,$B1,$80,$29,$03,$8D,$0B,$03,$C8
   584 88AD B1 80 AA A0 7F B1 +     .byte $B1,$80,$AA,$A0,$7F,$B1,$80,$18,$65,$80,$85,$80,$A5,$81,$69,$00
   585 88BD 85 81 AC 0B 03 8A +     .byte $85,$81,$AC,$0B,$03,$8A,$0D,$0B,$03,$D0,$D8,$60,$FF,$00,$FF,$00
   586 				    
   587
   588 02E0-02E1> 00 70		    RUN INICIO
